<?xml version="1.0" encoding="UTF-8"?>
<!-- Generated by org.testng.reporters.JUnitReportReporter -->
<testsuite hostname="DESKTOP-T1CC51B" failures="0" tests="1" name="com.sgtesting.actitime.driverscript.DriverScript" time="226.918" errors="0" timestamp="2022-03-19T12:55:06 GMT" skipped="0">
  <testcase classname="com.sgtesting.actitime.driverscript.DriverScript" name="executeTestScenarios" time="226.918"/>
  <system-out/>
</testsuite> <!-- com.sgtesting.actitime.driverscript.DriverScript -->
